Using pre-set license
Built from '2022.3/staging' branch; Version is '2022.3.17f1 (4fc78088f837) revision 5228416'; Using compiler version '192829333'; Build Type 'Release'
OS: 'Windows 11  (10.0.22631) 64bit Core' Language: 'en' Physical Memory: 16055 MB
BatchMode: 1, IsHumanControllingUs: 0, StartBugReporterOnCrash: 0, Is64bit: 1, IsPro: 1

COMMAND LINE ARGUMENTS:
C:\Program Files\Unity\Hub\Editor\2022.3.17f1\Editor\Unity.exe
-adb2
-batchMode
-noUpm
-name
AssetImportWorker0
-projectPath
C:/Users/Max/Documents/GitHub/mod3-cardgames-pyramid-10
-logFile
Logs/AssetImportWorker0.log
-srvPort
58946
Successfully changed project path to: C:/Users/Max/Documents/GitHub/mod3-cardgames-pyramid-10
C:/Users/Max/Documents/GitHub/mod3-cardgames-pyramid-10
[UnityMemory] Configuration Parameters - Can be set up in boot.config
    "memorysetup-bucket-allocator-granularity=16"
    "memorysetup-bucket-allocator-bucket-count=8"
    "memorysetup-bucket-allocator-block-size=33554432"
    "memorysetup-bucket-allocator-block-count=8"
    "memorysetup-main-allocator-block-size=16777216"
    "memorysetup-thread-allocator-block-size=16777216"
    "memorysetup-gfx-main-allocator-block-size=16777216"
    "memorysetup-gfx-thread-allocator-block-size=16777216"
    "memorysetup-cache-allocator-block-size=4194304"
    "memorysetup-typetree-allocator-block-size=2097152"
    "memorysetup-profiler-bucket-allocator-granularity=16"
    "memorysetup-profiler-bucket-allocator-bucket-count=8"
    "memorysetup-profiler-bucket-allocator-block-size=33554432"
    "memorysetup-profiler-bucket-allocator-block-count=8"
    "memorysetup-profiler-allocator-block-size=16777216"
    "memorysetup-profiler-editor-allocator-block-size=1048576"
    "memorysetup-temp-allocator-size-main=16777216"
    "memorysetup-job-temp-allocator-block-size=2097152"
    "memorysetup-job-temp-allocator-block-size-background=1048576"
    "memorysetup-job-temp-allocator-reduction-small-platforms=262144"
    "memorysetup-allocator-temp-initial-block-size-main=262144"
    "memorysetup-allocator-temp-initial-block-size-worker=262144"
    "memorysetup-temp-allocator-size-background-worker=32768"
    "memorysetup-temp-allocator-size-job-worker=262144"
    "memorysetup-temp-allocator-size-preload-manager=33554432"
    "memorysetup-temp-allocator-size-nav-mesh-worker=65536"
    "memorysetup-temp-allocator-size-audio-worker=65536"
    "memorysetup-temp-allocator-size-cloud-worker=32768"
    "memorysetup-temp-allocator-size-gi-baking-worker=262144"
    "memorysetup-temp-allocator-size-gfx=262144"
Player connection [45784] Host "[IP] 10.72.211.45 [Port] 0 [Flags] 2 [Guid] 4015184377 [EditorId] 4015184377 [Version] 1048832 [Id] WindowsEditor(7,Max-XPS-15) [Debug] 1 [PackageName] WindowsEditor [ProjectName] Editor" joined multi-casting on [225.0.0.222:54997]...

Player connection [45784] Host "[IP] 10.72.211.45 [Port] 0 [Flags] 2 [Guid] 4015184377 [EditorId] 4015184377 [Version] 1048832 [Id] WindowsEditor(7,Max-XPS-15) [Debug] 1 [PackageName] WindowsEditor [ProjectName] Editor" joined alternative multi-casting on [225.0.0.222:34997]...

[Physics::Module] Initialized MultithreadedJobDispatcher with 19 workers.
Refreshing native plugins compatible for Editor in 3230.07 ms, found 2 plugins.
Preloading 0 native plugins for Editor in 0.00 ms.
Initialize engine version: 2022.3.17f1 (4fc78088f837)
[Subsystems] Discovering subsystems at path C:/Program Files/Unity/Hub/Editor/2022.3.17f1/Editor/Data/Resources/UnitySubsystems
[Subsystems] Discovering subsystems at path C:/Users/Max/Documents/GitHub/mod3-cardgames-pyramid-10/Assets
GfxDevice: creating device client; threaded=0; jobified=0
Direct3D:
    Version:  Direct3D 11.0 [level 11.1]
    Renderer: NVIDIA GeForce RTX 3050 Ti Laptop GPU (ID=0x25a0)
    Vendor:   NVIDIA
    VRAM:     3978 MB
    Driver:   31.0.15.4633
Initialize mono
Mono path[0] = 'C:/Program Files/Unity/Hub/Editor/2022.3.17f1/Editor/Data/Managed'
Mono path[1] = 'C:/Program Files/Unity/Hub/Editor/2022.3.17f1/Editor/Data/MonoBleedingEdge/lib/mono/unityjit-win32'
Mono config path = 'C:/Program Files/Unity/Hub/Editor/2022.3.17f1/Editor/Data/MonoBleedingEdge/etc'
Using monoOptions --debugger-agent=transport=dt_socket,embedding=1,server=y,suspend=n,address=127.0.0.1:56428
Begin MonoManager ReloadAssembly
Registering precompiled unity dll's ...
Register platform support module: C:/Program Files/Unity/Hub/Editor/2022.3.17f1/Editor/Data/PlaybackEngines/WebGLSupport/UnityEditor.WebGL.Extensions.dll
Register platform support module: C:/Program Files/Unity/Hub/Editor/2022.3.17f1/Editor/Data/PlaybackEngines/WindowsStandaloneSupport/UnityEditor.WindowsStandalone.Extensions.dll
Registered in 0.571766 seconds.
- Loaded All Assemblies, in 18.183 seconds
Native extension for WindowsStandalone target not found
Native extension for WebGL target not found
Mono: successfully reloaded assembly
- Finished resetting the current domain, in  0.341 seconds
Domain Reload Profiling: 18519ms
	BeginReloadAssembly (13670ms)
		ExecutionOrderSort (0ms)
		DisableScriptedObjects (0ms)
		BackupInstance (0ms)
		ReleaseScriptingObjects (0ms)
		CreateAndSetChildDomain (1ms)
	RebuildCommonClasses (1040ms)
	RebuildNativeTypeToScriptingClass (12ms)
	initialDomainReloadingComplete (646ms)
	LoadAllAssembliesAndSetupDomain (2810ms)
		LoadAssemblies (13670ms)
		RebuildTransferFunctionScriptingTraits (0ms)
		AnalyzeDomain (2803ms)
			TypeCache.Refresh (2801ms)
				TypeCache.ScanAssembly (2075ms)
			ScanForSourceGeneratedMonoScriptInfo (0ms)
			ResolveRequiredComponents (1ms)
	FinalizeReload (341ms)
		ReleaseScriptCaches (0ms)
		RebuildScriptCaches (0ms)
		SetupLoadedEditorAssemblies (267ms)
			LogAssemblyErrors (0ms)
			InitializePlatformSupportModulesInManaged (12ms)
			SetLoadedEditorAssemblies (7ms)
			RefreshPlugins (0ms)
			BeforeProcessingInitializeOnLoad (2ms)
			ProcessInitializeOnLoadAttributes (180ms)
			ProcessInitializeOnLoadMethodAttributes (65ms)
			AfterProcessingInitializeOnLoad (0ms)
			EditorAssembliesLoaded (0ms)
		ExecutionOrderSort2 (0ms)
		AwakeInstancesAfterBackupRestoration (0ms)
========================================================================
Worker process is ready to serve import requests
Begin MonoManager ReloadAssembly
- Loaded All Assemblies, in 11.814 seconds
Refreshing native plugins compatible for Editor in 2.26 ms, found 2 plugins.
Native extension for WindowsStandalone target not found
Native extension for WebGL target not found
Package Manager log level set to [2]
[Package Manager] Server::EnsureServerProcessIsRunning -- launch failed, reason: Unity was launched with the -noUpm command-line argument
[Package Manager] UpmClient::Send -- Unable to send message (not connected to UPM process).
[Package Manager] Cannot connect to Unity Package Manager local server
Mono: successfully reloaded assembly
- Finished resetting the current domain, in  0.754 seconds
Domain Reload Profiling: 12564ms
	BeginReloadAssembly (190ms)
		ExecutionOrderSort (0ms)
		DisableScriptedObjects (6ms)
		BackupInstance (0ms)
		ReleaseScriptingObjects (0ms)
		CreateAndSetChildDomain (23ms)
	RebuildCommonClasses (38ms)
	RebuildNativeTypeToScriptingClass (12ms)
	initialDomainReloadingComplete (49ms)
	LoadAllAssembliesAndSetupDomain (11521ms)
		LoadAssemblies (10480ms)
		RebuildTransferFunctionScriptingTraits (0ms)
		AnalyzeDomain (1157ms)
			TypeCache.Refresh (1144ms)
				TypeCache.ScanAssembly (1014ms)
			ScanForSourceGeneratedMonoScriptInfo (9ms)
			ResolveRequiredComponents (2ms)
	FinalizeReload (754ms)
		ReleaseScriptCaches (0ms)
		RebuildScriptCaches (0ms)
		SetupLoadedEditorAssemblies (601ms)
			LogAssemblyErrors (0ms)
			InitializePlatformSupportModulesInManaged (9ms)
			SetLoadedEditorAssemblies (4ms)
			RefreshPlugins (0ms)
			BeforeProcessingInitializeOnLoad (54ms)
			ProcessInitializeOnLoadAttributes (498ms)
			ProcessInitializeOnLoadMethodAttributes (28ms)
			AfterProcessingInitializeOnLoad (9ms)
			EditorAssembliesLoaded (0ms)
		ExecutionOrderSort2 (0ms)
		AwakeInstancesAfterBackupRestoration (8ms)
Launched and connected shader compiler UnityShaderCompiler.exe after 0.17 seconds
Refreshing native plugins compatible for Editor in 3.71 ms, found 2 plugins.
Preloading 0 native plugins for Editor in 0.00 ms.
Unloading 1408 Unused Serialized files (Serialized files now loaded: 0)
Unloading 22 unused Assets / (53.8 KB). Loaded Objects now: 1875.
Memory consumption went from 83.6 MB to 83.6 MB.
Total: 3.495300 ms (FindLiveObjects: 0.118600 ms CreateObjectMapping: 0.033100 ms MarkObjects: 3.234400 ms  DeleteObjects: 0.107300 ms)

AssetImportParameters requested are different than current active one (requested -> active):
  custom:video-encoder-webm-vp8: eb34c28f22e8b96e1ab97ce403110664 -> 
  custom:video-decoder-webm-vp8: 9c59270c3fd7afecdb556c50c9e8de78 -> 
  custom:audio-decoder-ogg-vorbis: bf7c407c2cedff20999df2af8eb42d56 -> 
  custom:SearchIndexIgnoredProperties: e643bd26f0fe6173181afceb89e7c659 -> 
  custom:container-demuxer-ogg: 62fdf1f143b41e24485cea50d1cbac27 -> 
  custom:AudioImporter_EditorPlatform: d09bf68614088b80899f8185d706f6e7 -> 
  custom:CustomObjectIndexerAttribute: 6d391050e5a25f67b0a2c618074f2cd9 -> 
  custom:container-demuxer-webm: 4f35f7cbe854078d1ac9338744f61a02 -> 
  custom:video-codec-MediaFoundation-h265: 746d11721c4dcdbdad8f713fa42b33f4 -> 
  custom:video-decoder-ogg-theora: a1e56fd34408186e4bbccfd4996cb3dc -> 
  custom:audio-encoder-webm-vorbis: bf7c407c2cedff20999df2af8eb42d56 -> 
  custom:framework-win-MediaFoundation: 216162199b28c13a410421893ffa2e32 -> 
  custom:container-muxer-webm: aa71ff27fc2769a1b78a27578f13a17b -> 
========================================================================
Received Import Request.
  Time since last request: 87549.009262 seconds.
  path: Assets/01-Prospector/__Prospector.unity
  artifactKey: Guid(e7876eae655084f8d9b344b33478f0fa) Importer(815301076,1909f56bfc062723c751e8b465ee728b)
Start importing Assets/01-Prospector/__Prospector.unity using Guid(e7876eae655084f8d9b344b33478f0fa) Importer(815301076,1909f56bfc062723c751e8b465ee728b)  -> (artifact id: '9cbf0bdfa7c8f1e268dc1f96b6ec111a') in 0.004521 seconds
Number of updated asset objects reloaded before import = 0
Number of asset objects unloaded after import = 0
========================================================================
Received Import Request.
  Time since last request: 1166.969238 seconds.
  path: Assets/01-Prospector
  artifactKey: Guid(01b01cbe4365d4850a5d3ad9efafa7e0) Importer(815301076,1909f56bfc062723c751e8b465ee728b)
Start importing Assets/01-Prospector using Guid(01b01cbe4365d4850a5d3ad9efafa7e0) Importer(815301076,1909f56bfc062723c751e8b465ee728b)  -> (artifact id: 'ecbe1d5ab8722deedf862c3ea1812e27') in 0.001180 seconds
Number of updated asset objects reloaded before import = 0
Number of asset objects unloaded after import = 0
========================================================================
Received Import Request.
  Time since last request: 204.134341 seconds.
  path: Assets/01-Prospector/__Scripts
  artifactKey: Guid(c8f49f6911d844ab5b78c58b5127368a) Importer(815301076,1909f56bfc062723c751e8b465ee728b)
Start importing Assets/01-Prospector/__Scripts using Guid(c8f49f6911d844ab5b78c58b5127368a) Importer(815301076,1909f56bfc062723c751e8b465ee728b)  -> (artifact id: 'd5e4766b632733a3dfd894e4aa7338c3') in 0.001229 seconds
Number of updated asset objects reloaded before import = 0
Number of asset objects unloaded after import = 0
========================================================================
Received Import Request.
  Time since last request: 0.543280 seconds.
  path: Assets/01-Prospector/_Prefabs
  artifactKey: Guid(5a212e8a7402987489ab48b3213b541e) Importer(815301076,1909f56bfc062723c751e8b465ee728b)
Start importing Assets/01-Prospector/_Prefabs using Guid(5a212e8a7402987489ab48b3213b541e) Importer(815301076,1909f56bfc062723c751e8b465ee728b)  -> (artifact id: 'b444f7a2151512d79fbc4cda49f09fc3') in 0.000732 seconds
Number of updated asset objects reloaded before import = 0
Number of asset objects unloaded after import = 0
========================================================================
Received Import Request.
  Time since last request: 0.332402 seconds.
  path: Assets/01-Prospector/_Sprites
  artifactKey: Guid(c1ce6190c47ff49ee892f7281f238071) Importer(815301076,1909f56bfc062723c751e8b465ee728b)
Start importing Assets/01-Prospector/_Sprites using Guid(c1ce6190c47ff49ee892f7281f238071) Importer(815301076,1909f56bfc062723c751e8b465ee728b)  -> (artifact id: '5d818f1e891e00600fb08b098d72c864') in 0.000684 seconds
Number of updated asset objects reloaded before import = 0
Number of asset objects unloaded after import = 0
========================================================================
Received Import Request.
  Time since last request: 33.300920 seconds.
  path: Assets/01-Prospector/_Sprites/Card_Back.png
  artifactKey: Guid(a8185ed8d47594bb8a3b8e2d9233f769) Importer(815301076,1909f56bfc062723c751e8b465ee728b)
Start importing Assets/01-Prospector/_Sprites/Card_Back.png using Guid(a8185ed8d47594bb8a3b8e2d9233f769) Importer(815301076,1909f56bfc062723c751e8b465ee728b)  -> (artifact id: '9e0ae17ba5145a18fae0d0a4dce27f00') in 0.144283 seconds
Number of updated asset objects reloaded before import = 0
Number of asset objects unloaded after import = 3
========================================================================
Received Import Request.
  Time since last request: 28.551891 seconds.
  path: Assets/01-Prospector/_Sprites/Spade.png
  artifactKey: Guid(a7994da692eef4500be008b80674eecb) Importer(815301076,1909f56bfc062723c751e8b465ee728b)
Start importing Assets/01-Prospector/_Sprites/Spade.png using Guid(a7994da692eef4500be008b80674eecb) Importer(815301076,1909f56bfc062723c751e8b465ee728b)  -> (artifact id: '42069720206212eaf6f00658bfb9524a') in 0.036291 seconds
Number of updated asset objects reloaded before import = 0
Number of asset objects unloaded after import = 3
========================================================================
Received Import Request.
  Time since last request: 37.603154 seconds.
  path: Assets/01-Prospector/_Sprites/Card_Back_Gold.png
  artifactKey: Guid(8ecf4828943064b3a96f6258b54c0f11) Importer(815301076,1909f56bfc062723c751e8b465ee728b)
Start importing Assets/01-Prospector/_Sprites/Card_Back_Gold.png using Guid(8ecf4828943064b3a96f6258b54c0f11) Importer(815301076,1909f56bfc062723c751e8b465ee728b)  -> (artifact id: '042417ed4ed964f4c26281fc4a02895d') in 0.030502 seconds
Number of updated asset objects reloaded before import = 0
Number of asset objects unloaded after import = 3
========================================================================
Received Import Request.
  Time since last request: 0.455073 seconds.
  path: Assets/01-Prospector/_Sprites/Card_Front_Gold.png
  artifactKey: Guid(944dc539459fe4109b973bd4c97f68ee) Importer(815301076,1909f56bfc062723c751e8b465ee728b)
Start importing Assets/01-Prospector/_Sprites/Card_Front_Gold.png using Guid(944dc539459fe4109b973bd4c97f68ee) Importer(815301076,1909f56bfc062723c751e8b465ee728b)  -> (artifact id: '057ec5a97133ec85ace0a6583f2a1792') in 0.031383 seconds
Number of updated asset objects reloaded before import = 0
Number of asset objects unloaded after import = 3
========================================================================
Received Import Request.
  Time since last request: 16.926294 seconds.
  path: Assets/01-Prospector/_Sprites/Letters.png
  artifactKey: Guid(a3dfadce2ec324208b9305ffd5119ba8) Importer(815301076,1909f56bfc062723c751e8b465ee728b)
Start importing Assets/01-Prospector/_Sprites/Letters.png using Guid(a3dfadce2ec324208b9305ffd5119ba8) Importer(815301076,1909f56bfc062723c751e8b465ee728b)  -> (artifact id: 'bf0a1c6a7f71851046c92b670ef47121') in 0.090079 seconds
Number of updated asset objects reloaded before import = 0
Number of asset objects unloaded after import = 18
========================================================================
Received Import Request.
  Time since last request: 2384.493588 seconds.
  path: Assets/01-Prospector/_Sprites/Heart.png
  artifactKey: Guid(3f3ffa8970b63467cad6ba98725b1c95) Importer(815301076,1909f56bfc062723c751e8b465ee728b)
Start importing Assets/01-Prospector/_Sprites/Heart.png using Guid(3f3ffa8970b63467cad6ba98725b1c95) Importer(815301076,1909f56bfc062723c751e8b465ee728b)  -> (artifact id: '0922ac8c77c6a7b1190d81bd7285f1c8') in 0.032696 seconds
Number of updated asset objects reloaded before import = 0
Number of asset objects unloaded after import = 3
========================================================================
Received Import Request.
  Time since last request: 13.686384 seconds.
  path: Assets/01-Prospector/_Sprites/ProspectorBackground.png
  artifactKey: Guid(410722e641735434fa9000d31a38bd1b) Importer(815301076,1909f56bfc062723c751e8b465ee728b)
Start importing Assets/01-Prospector/_Sprites/ProspectorBackground.png using Guid(410722e641735434fa9000d31a38bd1b) Importer(815301076,1909f56bfc062723c751e8b465ee728b)  -> (artifact id: '6b0f862fdf6563956242ba3755a6cea2') in 0.052687 seconds
Number of updated asset objects reloaded before import = 0
Number of asset objects unloaded after import = 3
========================================================================
Received Import Request.
  Time since last request: 42.438585 seconds.
  path: Assets/01-Prospector/_Sprites/FaceCard_11D.png
  artifactKey: Guid(c10418368653749f796f63e87cde78ec) Importer(815301076,1909f56bfc062723c751e8b465ee728b)
Start importing Assets/01-Prospector/_Sprites/FaceCard_11D.png using Guid(c10418368653749f796f63e87cde78ec) Importer(815301076,1909f56bfc062723c751e8b465ee728b)  -> (artifact id: '53deec9f8d4269b9a7b334fb203739e1') in 0.037596 seconds
Number of updated asset objects reloaded before import = 0
Number of asset objects unloaded after import = 3
========================================================================
Received Import Request.
  Time since last request: 0.777835 seconds.
  path: Assets/01-Prospector/_Sprites/FaceCard_11C.png
  artifactKey: Guid(0044ad2d99ea04858a663c3491cc9a91) Importer(815301076,1909f56bfc062723c751e8b465ee728b)
Start importing Assets/01-Prospector/_Sprites/FaceCard_11C.png using Guid(0044ad2d99ea04858a663c3491cc9a91) Importer(815301076,1909f56bfc062723c751e8b465ee728b)  -> (artifact id: '9b9fec0634d1ae5d6e9cbd38751d0983') in 0.033584 seconds
Number of updated asset objects reloaded before import = 0
Number of asset objects unloaded after import = 3
========================================================================
Received Import Request.
  Time since last request: 0.826314 seconds.
  path: Assets/01-Prospector/_Sprites/FaceCard_11H.png
  artifactKey: Guid(21a6739a4135346e6956ca54075d8c25) Importer(815301076,1909f56bfc062723c751e8b465ee728b)
Start importing Assets/01-Prospector/_Sprites/FaceCard_11H.png using Guid(21a6739a4135346e6956ca54075d8c25) Importer(815301076,1909f56bfc062723c751e8b465ee728b)  -> (artifact id: 'e05eb823c49b318cfe6fb0b5380585cd') in 0.033898 seconds
Number of updated asset objects reloaded before import = 0
Number of asset objects unloaded after import = 3
========================================================================
Received Import Request.
  Time since last request: 0.434972 seconds.
  path: Assets/01-Prospector/_Sprites/FaceCard_12C.png
  artifactKey: Guid(d86c46d6378144162964786d621fb0ca) Importer(815301076,1909f56bfc062723c751e8b465ee728b)
Start importing Assets/01-Prospector/_Sprites/FaceCard_12C.png using Guid(d86c46d6378144162964786d621fb0ca) Importer(815301076,1909f56bfc062723c751e8b465ee728b)  -> (artifact id: 'c4b83a75b59bf14ee0ea6793ccbecb87') in 0.040056 seconds
Number of updated asset objects reloaded before import = 0
Number of asset objects unloaded after import = 3
========================================================================
Received Import Request.
  Time since last request: 4.610987 seconds.
  path: Assets/01-Prospector/_Prefabs/PrefabCard.prefab
  artifactKey: Guid(ee93767be21efa14eaa16db1093e90b5) Importer(815301076,1909f56bfc062723c751e8b465ee728b)
Start importing Assets/01-Prospector/_Prefabs/PrefabCard.prefab using Guid(ee93767be21efa14eaa16db1093e90b5) Importer(815301076,1909f56bfc062723c751e8b465ee728b)  -> (artifact id: 'a3a5c24a8726dcdf3382931059d41854') in 0.107952 seconds
Number of updated asset objects reloaded before import = 0
Number of asset objects unloaded after import = 9
========================================================================
Received Import Request.
  Time since last request: 0.613176 seconds.
  path: Assets/01-Prospector/_Prefabs/PrefabSprite.prefab
  artifactKey: Guid(12a0355f16a4e3040b7c1daff1c8ed35) Importer(815301076,1909f56bfc062723c751e8b465ee728b)
Start importing Assets/01-Prospector/_Prefabs/PrefabSprite.prefab using Guid(12a0355f16a4e3040b7c1daff1c8ed35) Importer(815301076,1909f56bfc062723c751e8b465ee728b)  -> (artifact id: 'e98781c1bf370fe80f29b11992d873e8') in 0.004500 seconds
Number of updated asset objects reloaded before import = 0
Number of asset objects unloaded after import = 5
========================================================================
Received Import Request.
  Time since last request: 8.839202 seconds.
  path: Assets/01-Prospector/__Scripts/Card.cs
  artifactKey: Guid(100a12af089e19845beeba3dc7d93c78) Importer(815301076,1909f56bfc062723c751e8b465ee728b)
Start importing Assets/01-Prospector/__Scripts/Card.cs using Guid(100a12af089e19845beeba3dc7d93c78) Importer(815301076,1909f56bfc062723c751e8b465ee728b)  -> (artifact id: '67acede85cc5f8938898b51bf5e8140f') in 0.000719 seconds
Number of updated asset objects reloaded before import = 0
Number of asset objects unloaded after import = 0
========================================================================
Received Import Request.
  Time since last request: 0.658250 seconds.
  path: Assets/01-Prospector/__Scripts/Deck.cs
  artifactKey: Guid(2b69c28581428da469438d7d5901b8ad) Importer(815301076,1909f56bfc062723c751e8b465ee728b)
Start importing Assets/01-Prospector/__Scripts/Deck.cs using Guid(2b69c28581428da469438d7d5901b8ad) Importer(815301076,1909f56bfc062723c751e8b465ee728b)  -> (artifact id: '8b98c4b583af4f55eb42f1017b32824e') in 0.000759 seconds
Number of updated asset objects reloaded before import = 0
Number of asset objects unloaded after import = 0
========================================================================
Received Import Request.
  Time since last request: 0.431007 seconds.
  path: Assets/01-Prospector/__Scripts/Prospector.cs
  artifactKey: Guid(a7d7d9d9d58522f4cb96693ace07ad24) Importer(815301076,1909f56bfc062723c751e8b465ee728b)
Start importing Assets/01-Prospector/__Scripts/Prospector.cs using Guid(a7d7d9d9d58522f4cb96693ace07ad24) Importer(815301076,1909f56bfc062723c751e8b465ee728b)  -> (artifact id: 'a38e31cd5cf0c977864a1cb21c22a40c') in 0.000722 seconds
Number of updated asset objects reloaded before import = 0
Number of asset objects unloaded after import = 0
========================================================================
Received Import Request.
  Time since last request: 0.385406 seconds.
  path: Assets/01-Prospector/__Scripts/PT_XMLReader.cs
  artifactKey: Guid(d7ae3889c7be74b4e9dd156dd6318db4) Importer(815301076,1909f56bfc062723c751e8b465ee728b)
Start importing Assets/01-Prospector/__Scripts/PT_XMLReader.cs using Guid(d7ae3889c7be74b4e9dd156dd6318db4) Importer(815301076,1909f56bfc062723c751e8b465ee728b)  -> (artifact id: '1cf59192b966a09b49fe0f957c6a1445') in 0.001152 seconds
Number of updated asset objects reloaded before import = 0
Number of asset objects unloaded after import = 0
========================================================================
Received Import Request.
  Time since last request: 0.366474 seconds.
  path: Assets/01-Prospector/__Scripts/Utils.cs
  artifactKey: Guid(c78e537984e8e4215a5293992c3edd35) Importer(815301076,1909f56bfc062723c751e8b465ee728b)
Start importing Assets/01-Prospector/__Scripts/Utils.cs using Guid(c78e537984e8e4215a5293992c3edd35) Importer(815301076,1909f56bfc062723c751e8b465ee728b)  -> (artifact id: '3680c7dbf26d5524f2267d81071acca2') in 0.001130 seconds
Number of updated asset objects reloaded before import = 0
Number of asset objects unloaded after import = 0
========================================================================
Received Import Request.
  Time since last request: 1.930039 seconds.
  path: Assets/01-Prospector/Lighting
  artifactKey: Guid(58d67faf47dad480fbfb859922447772) Importer(815301076,1909f56bfc062723c751e8b465ee728b)
Start importing Assets/01-Prospector/Lighting using Guid(58d67faf47dad480fbfb859922447772) Importer(815301076,1909f56bfc062723c751e8b465ee728b)  -> (artifact id: 'f655d96a339cec7da9bc36138437abdb') in 0.000986 seconds
Number of updated asset objects reloaded before import = 0
Number of asset objects unloaded after import = 0
========================================================================
Received Prepare
Begin MonoManager ReloadAssembly
- Loaded All Assemblies, in  0.415 seconds
Refreshing native plugins compatible for Editor in 1.95 ms, found 2 plugins.
Native extension for WindowsStandalone target not found
Native extension for WebGL target not found
[Package Manager] Server::EnsureServerProcessIsRunning -- launch failed, reason: Unity was launched with the -noUpm command-line argument
[Package Manager] UpmClient::Send -- Unable to send message (not connected to UPM process).
[Package Manager] Cannot connect to Unity Package Manager local server
Mono: successfully reloaded assembly
- Finished resetting the current domain, in  0.698 seconds
Domain Reload Profiling: 1111ms
	BeginReloadAssembly (172ms)
		ExecutionOrderSort (0ms)
		DisableScriptedObjects (4ms)
		BackupInstance (0ms)
		ReleaseScriptingObjects (0ms)
		CreateAndSetChildDomain (31ms)
	RebuildCommonClasses (29ms)
	RebuildNativeTypeToScriptingClass (10ms)
	initialDomainReloadingComplete (29ms)
	LoadAllAssembliesAndSetupDomain (173ms)
		LoadAssemblies (275ms)
		RebuildTransferFunctionScriptingTraits (0ms)
		AnalyzeDomain (7ms)
			TypeCache.Refresh (4ms)
				TypeCache.ScanAssembly (0ms)
			ScanForSourceGeneratedMonoScriptInfo (0ms)
			ResolveRequiredComponents (2ms)
	FinalizeReload (698ms)
		ReleaseScriptCaches (0ms)
		RebuildScriptCaches (0ms)
		SetupLoadedEditorAssemblies (332ms)
			LogAssemblyErrors (0ms)
			InitializePlatformSupportModulesInManaged (7ms)
			SetLoadedEditorAssemblies (3ms)
			RefreshPlugins (0ms)
			BeforeProcessingInitializeOnLoad (41ms)
			ProcessInitializeOnLoadAttributes (256ms)
			ProcessInitializeOnLoadMethodAttributes (18ms)
			AfterProcessingInitializeOnLoad (7ms)
			EditorAssembliesLoaded (0ms)
		ExecutionOrderSort2 (0ms)
		AwakeInstancesAfterBackupRestoration (7ms)
Refreshing native plugins compatible for Editor in 2.17 ms, found 2 plugins.
Preloading 0 native plugins for Editor in 0.00 ms.
Unloading 1401 Unused Serialized files (Serialized files now loaded: 0)
Unloading 16 unused Assets / (28.0 KB). Loaded Objects now: 1896.
Memory consumption went from 88.7 MB to 88.7 MB.
Total: 3.053900 ms (FindLiveObjects: 0.101800 ms CreateObjectMapping: 0.028100 ms MarkObjects: 2.880400 ms  DeleteObjects: 0.042400 ms)

Prepare: number of updated asset objects reloaded= 0
AssetImportParameters requested are different than current active one (requested -> active):
  custom:video-encoder-webm-vp8: eb34c28f22e8b96e1ab97ce403110664 -> 
  custom:video-decoder-webm-vp8: 9c59270c3fd7afecdb556c50c9e8de78 -> 
  custom:audio-decoder-ogg-vorbis: bf7c407c2cedff20999df2af8eb42d56 -> 
  custom:SearchIndexIgnoredProperties: e643bd26f0fe6173181afceb89e7c659 -> 
  custom:container-demuxer-ogg: 62fdf1f143b41e24485cea50d1cbac27 -> 
  custom:AudioImporter_EditorPlatform: d09bf68614088b80899f8185d706f6e7 -> 
  custom:CustomObjectIndexerAttribute: 6d391050e5a25f67b0a2c618074f2cd9 -> 
  custom:container-demuxer-webm: 4f35f7cbe854078d1ac9338744f61a02 -> 
  custom:video-codec-MediaFoundation-h265: 746d11721c4dcdbdad8f713fa42b33f4 -> 
  custom:video-decoder-ogg-theora: a1e56fd34408186e4bbccfd4996cb3dc -> 
  custom:audio-encoder-webm-vorbis: bf7c407c2cedff20999df2af8eb42d56 -> 
  custom:framework-win-MediaFoundation: 216162199b28c13a410421893ffa2e32 -> 
  custom:container-muxer-webm: aa71ff27fc2769a1b78a27578f13a17b -> 
